2026-07-08T20:44:04Z INF Thank you for trying Cloudflare Tunnel. Doing so, without a Cloudflare account, is a quick way to experiment and try it out. However, be aware that these account-less Tunnels have no uptime guarantee, are subject to the Cloudflare Online Services Terms of Use (https://www.cloudflare.com/website-terms/), and Cloudflare reserves the right to investigate your use of Tunnels for violations of such terms. If you intend to use Tunnels in production you should use a pre-created named tunnel by following: https://developers.cloudflare.com/cloudflare-one/connections/connect-apps
2026-07-08T20:44:04Z INF Requesting new quick Tunnel on trycloudflare.com...
2026-07-08T20:44:18Z INF +--------------------------------------------------------------------------------------------+
2026-07-08T20:44:18Z INF |  Your quick Tunnel has been created! Visit it at (it may take some time to be reachable):  |
2026-07-08T20:44:18Z INF |  https://worthy-informative-lead-ntsc.trycloudflare.com                                    |
2026-07-08T20:44:18Z INF +--------------------------------------------------------------------------------------------+
2026-07-08T20:44:18Z INF Cannot determine default configuration path. No file [config.yml config.yaml] in [~/.cloudflared ~/.cloudflare-warp ~/cloudflare-warp]
2026-07-08T20:44:18Z INF Version 2026.7.0 (Checksum b11ee950a12b15604e6b0a0f30a226516adc7aec75de2e3c642b28e50ddef9ea)
2026-07-08T20:44:18Z INF GOOS: windows, GOVersion: go1.26.4, GoArch: amd64
2026-07-08T20:44:18Z INF Settings: map[ha-connections:1 protocol:quic url:http://localhost:4000]
2026-07-08T20:44:18Z INF cloudflared will not automatically update on Windows systems.
2026-07-08T20:44:18Z INF Generated Connector ID: efc5bfd9-f860-4ebb-a9a7-7c595d366cb4
2026-07-08T20:44:19Z INF Initial protocol quic
2026-07-08T20:44:19Z INF ICMP proxy will use 192.168.0.169 as source for IPv4
2026-07-08T20:44:19Z INF ICMP proxy will use fe80::f76a:e39f:5fe:e39b in zone ظظ╪┤╪ذ┘â╪ر Wi-Fi 3 as source for IPv6
2026-07-08T20:44:19Z INF cloudflared does not support loading the system root certificate pool on Windows. Please use --origin-ca-pool <PATH> to specify the path to the certificate pool
2026-07-08T20:44:19Z INF ICMP proxy will use 192.168.0.169 as source for IPv4
2026-07-08T20:44:19Z INF Tunnel connection curve preferences: [X25519MLKEM768 CurveID(65074) CurveP256] connIndex=0 event=0 ip=198.41.200.53
2026-07-08T20:44:20Z INF ICMP proxy will use fe80::f76a:e39f:5fe:e39b in zone ظظ╪┤╪ذ┘â╪ر Wi-Fi 3 as source for IPv6
2026-07-08T20:44:20Z INF Starting metrics server on 127.0.0.1:20242/metrics
2026-07-08T20:44:21Z INF Registered tunnel connection connIndex=0 connection=ed7377e0-1422-4cdd-b08b-8a7ad26c826a event=0 ip=198.41.200.53 location=mrs06 protocol=quic
2026-07-08T20:44:22Z INF +-------------------------------------------------------------------------------------+
2026-07-08T20:44:22Z INF |                               CONNECTIVITY PRE-CHECKS                               |
2026-07-08T20:44:22Z INF +-------------------------------------------------------------------------------------+
2026-07-08T20:44:22Z INF |  COMPONENT         TARGET                     STATUS  DETAILS                       |
2026-07-08T20:44:22Z INF |  DNS Resolution    region1.v2.argotunnel.com  PASS    DNS Resolved successfully     |
2026-07-08T20:44:22Z INF |  DNS Resolution    region2.v2.argotunnel.com  PASS    DNS Resolved successfully     |
2026-07-08T20:44:22Z INF |  UDP Connectivity  region1.v2.argotunnel.com  PASS    QUIC connection successful    |
2026-07-08T20:44:22Z INF |  UDP Connectivity  region2.v2.argotunnel.com  PASS    QUIC connection successful    |
2026-07-08T20:44:22Z INF |  TCP Connectivity  region1.v2.argotunnel.com  PASS    HTTP/2 connection successful  |
2026-07-08T20:44:22Z INF |  TCP Connectivity  region2.v2.argotunnel.com  PASS    HTTP/2 connection successful  |
2026-07-08T20:44:22Z INF |  Cloudflare API    api.cloudflare.com:443     PASS    API is reachable              |
2026-07-08T20:44:22Z INF |                                                                                     |
2026-07-08T20:44:22Z INF |  SUMMARY: Environment is healthy. cloudflared will use 'quic' as primary protocol.  |
2026-07-08T20:44:22Z INF +-------------------------------------------------------------------------------------+
2026-07-08T20:44:22Z INF precheck component="DNS Resolution" details="DNS Resolved successfully" run_id=3b042908-2802-4f69-95d6-a0c030416322 status=pass target=region1.v2.argotunnel.com
2026-07-08T20:44:22Z INF precheck component="DNS Resolution" details="DNS Resolved successfully" run_id=3b042908-2802-4f69-95d6-a0c030416322 status=pass target=region2.v2.argotunnel.com
2026-07-08T20:44:22Z INF precheck component="UDP Connectivity" details="QUIC connection successful" run_id=3b042908-2802-4f69-95d6-a0c030416322 status=pass target=region1.v2.argotunnel.com
2026-07-08T20:44:22Z INF precheck component="UDP Connectivity" details="QUIC connection successful" run_id=3b042908-2802-4f69-95d6-a0c030416322 status=pass target=region2.v2.argotunnel.com
2026-07-08T20:44:22Z INF precheck component="TCP Connectivity" details="HTTP/2 connection successful" run_id=3b042908-2802-4f69-95d6-a0c030416322 status=pass target=region1.v2.argotunnel.com
2026-07-08T20:44:22Z INF precheck component="TCP Connectivity" details="HTTP/2 connection successful" run_id=3b042908-2802-4f69-95d6-a0c030416322 status=pass target=region2.v2.argotunnel.com
2026-07-08T20:44:22Z INF precheck component="Cloudflare API" details="API is reachable" run_id=3b042908-2802-4f69-95d6-a0c030416322 status=pass target=api.cloudflare.com:443
2026-07-08T20:44:22Z INF precheck complete hard_fail=false run_id=3b042908-2802-4f69-95d6-a0c030416322 suggested_protocol=quic
2026-07-08T20:45:35Z ERR  error="Unable to reach the origin service. The service may be down or it may not be responding to traffic from cloudflared: dial tcp [::1]:4000: connectex: No connection could be made because the target machine actively refused it." connIndex=0 event=1 ingressRule=0 originService=http://localhost:4000
2026-07-08T20:45:35Z ERR Request failed error="Unable to reach the origin service. The service may be down or it may not be responding to traffic from cloudflared: dial tcp [::1]:4000: connectex: No connection could be made because the target machine actively refused it." connIndex=0 dest=https://worthy-informative-lead-ntsc.trycloudflare.com/ event=0 ip=198.41.200.53 type=http
2026-07-08T20:45:37Z ERR  error="Unable to reach the origin service. The service may be down or it may not be responding to traffic from cloudflared: dial tcp [::1]:4000: connectex: No connection could be made because the target machine actively refused it." connIndex=0 event=1 ingressRule=0 originService=http://localhost:4000
2026-07-08T20:45:37Z ERR Request failed error="Unable to reach the origin service. The service may be down or it may not be responding to traffic from cloudflared: dial tcp [::1]:4000: connectex: No connection could be made because the target machine actively refused it." connIndex=0 dest=https://worthy-informative-lead-ntsc.trycloudflare.com/favicon.ico event=0 ip=198.41.200.53 type=http
